<?xml version="1.0" encoding="UTF-8"?>
<testsuite name="com.mnkap.mnkap.MnkapApplicationTests" tests="1" skipped="0" failures="0" errors="0" timestamp="2022-06-17T07:13:17" hostname="ubuntu2" time="1.717">
  <properties/>
  <testcase name="contextLoads()" classname="com.mnkap.mnkap.MnkapApplicationTests" time="1.717"/>
  <system-out><![CDATA[13:13:09.065 [Test worker] DEBUG org.springframework.test.context.BootstrapUtils - Instantiating CacheAwareContextLoaderDelegate from class [org.springframework.test.context.cache.DefaultCacheAwareContextLoaderDelegate]
13:13:09.105 [Test worker] DEBUG org.springframework.test.context.BootstrapUtils - Instantiating BootstrapContext using constructor [public org.springframework.test.context.support.DefaultBootstrapContext(java.lang.Class,org.springframework.test.context.CacheAwareContextLoaderDelegate)]
13:13:09.256 [Test worker] DEBUG org.springframework.test.context.BootstrapUtils - Instantiating TestContextBootstrapper for test class [com.mnkap.mnkap.MnkapApplicationTests] from class [org.springframework.boot.test.context.SpringBootTestContextBootstrapper]
13:13:09.306 [Test worker] INFO org.springframework.boot.test.context.SpringBootTestContextBootstrapper - Neither @ContextConfiguration nor @ContextHierarchy found for test class [com.mnkap.mnkap.MnkapApplicationTests], using SpringBootContextLoader
13:13:09.326 [Test worker] DEBUG org.springframework.test.context.support.AbstractContextLoader - Did not detect default resource location for test class [com.mnkap.mnkap.MnkapApplicationTests]: class path resource [com/mnkap/mnkap/MnkapApplicationTests-context.xml] does not exist
13:13:09.327 [Test worker] DEBUG org.springframework.test.context.support.AbstractContextLoader - Did not detect default resource location for test class [com.mnkap.mnkap.MnkapApplicationTests]: class path resource [com/mnkap/mnkap/MnkapApplicationTestsContext.groovy] does not exist
13:13:09.327 [Test worker] INFO org.springframework.test.context.support.AbstractContextLoader - Could not detect default resource locations for test class [com.mnkap.mnkap.MnkapApplicationTests]: no resource found for suffixes {-context.xml, Context.groovy}.
13:13:09.332 [Test worker] INFO org.springframework.test.context.support.AnnotationConfigContextLoaderUtils - Could not detect default configuration classes for test class [com.mnkap.mnkap.MnkapApplicationTests]: MnkapApplicationTests does not declare any static, non-private, non-final, nested classes annotated with @Configuration.
13:13:09.493 [Test worker] DEBUG org.springframework.test.context.support.ActiveProfilesUtils - Could not find an 'annotation declaring class' for annotation type [org.springframework.test.context.ActiveProfiles] and class [com.mnkap.mnkap.MnkapApplicationTests]
13:13:09.754 [Test worker] DEBUG org.springframework.context.annotation.ClassPathScanningCandidateComponentProvider - Identified candidate component class: file [/home/ubuntu2/calc/calculator/build/classes/java/main/com/mnkap/mnkap/MnkapApplication.class]
13:13:09.755 [Test worker] INFO org.springframework.boot.test.context.SpringBootTestContextBootstrapper - Found @SpringBootConfiguration com.mnkap.mnkap.MnkapApplication for test class com.mnkap.mnkap.MnkapApplicationTests
13:13:10.112 [Test worker] DEBUG org.springframework.boot.test.context.SpringBootTestContextBootstrapper - @TestExecutionListeners is not present for class [com.mnkap.mnkap.MnkapApplicationTests]: using defaults.
13:13:10.123 [Test worker] INFO org.springframework.boot.test.context.SpringBootTestContextBootstrapper - Loaded default TestExecutionListener class names from location [META-INF/spring.factories]: [org.springframework.boot.test.autoconfigure.restdocs.RestDocsTestExecutionListener, org.springframework.boot.test.autoconfigure.web.client.MockRestServiceServerResetTestExecutionListener, org.springframework.boot.test.autoconfigure.web.servlet.MockMvcPrintOnlyOnFailureTestExecutionListener, org.springframework.boot.test.autoconfigure.web.servlet.WebDriverTestExecutionListener, org.springframework.boot.test.autoconfigure.webservices.client.MockWebServiceServerTestExecutionListener, org.springframework.boot.test.mock.mockito.MockitoTestExecutionListener, org.springframework.boot.test.mock.mockito.ResetMocksTestExecutionListener, org.springframework.test.context.web.ServletTestExecutionListener, org.springframework.test.context.support.DirtiesContextBeforeModesTestExecutionListener, org.springframework.test.context.event.ApplicationEventsTestExecutionListener, org.springframework.test.context.support.DependencyInjectionTestExecutionListener, org.springframework.test.context.support.DirtiesContextTestExecutionListener, org.springframework.test.context.transaction.TransactionalTestExecutionListener, org.springframework.test.context.jdbc.SqlScriptsTestExecutionListener, org.springframework.test.context.event.EventPublishingTestExecutionListener]
13:13:10.159 [Test worker] DEBUG org.springframework.boot.test.context.SpringBootTestContextBootstrapper - Skipping candidate TestExecutionListener [org.springframework.test.context.transaction.TransactionalTestExecutionListener] due to a missing dependency. Specify custom listener classes or make the default listener classes and their required dependencies available. Offending class: [org/springframework/transaction/interceptor/TransactionAttributeSource]
13:13:10.163 [Test worker] DEBUG org.springframework.boot.test.context.SpringBootTestContextBootstrapper - Skipping candidate TestExecutionListener [org.springframework.test.context.jdbc.SqlScriptsTestExecutionListener] due to a missing dependency. Specify custom listener classes or make the default listener classes and their required dependencies available. Offending class: [org/springframework/transaction/interceptor/TransactionAttribute]
13:13:10.166 [Test worker] INFO org.springframework.boot.test.context.SpringBootTestContextBootstrapper - Using TestExecutionListeners: [org.springframework.test.context.web.ServletTestExecutionListener@34e4fb39, org.springframework.test.context.support.DirtiesContextBeforeModesTestExecutionListener@36fe83d, org.springframework.test.context.event.ApplicationEventsTestExecutionListener@310f8a05, org.springframework.boot.test.mock.mockito.MockitoTestExecutionListener@4f98ac31, org.springframework.boot.test.autoconfigure.SpringBootDependencyInjectionTestExecutionListener@5cb6abc8, org.springframework.test.context.support.DirtiesContextTestExecutionListener@20e48e63, org.springframework.test.context.event.EventPublishingTestExecutionListener@6d7677d8, org.springframework.boot.test.autoconfigure.restdocs.RestDocsTestExecutionListener@6705b763, org.springframework.boot.test.autoconfigure.web.client.MockRestServiceServerResetTestExecutionListener@e04b8a0, org.springframework.boot.test.autoconfigure.web.servlet.MockMvcPrintOnlyOnFailureTestExecutionListener@a97a895, org.springframework.boot.test.autoconfigure.web.servlet.WebDriverTestExecutionListener@5401c6a8, org.springframework.boot.test.autoconfigure.webservices.client.MockWebServiceServerTestExecutionListener@1ef5cde4, org.springframework.boot.test.mock.mockito.ResetMocksTestExecutionListener@359fa722]
13:13:10.177 [Test worker] DEBUG org.springframework.test.context.support.AbstractDirtiesContextTestExecutionListener - Before test class: context [DefaultTestContext@14d298d6 testClass = MnkapApplicationTests, testInstance = [null], testMethod = [null], testException = [null], mergedContextConfiguration = [WebMergedContextConfiguration@64af5454 testClass = MnkapApplicationTests, locations = '{}', classes = '{class com.mnkap.mnkap.MnkapApplication}', contextInitializerClasses = '[]', activeProfiles = '{}', propertySourceLocations = '{}', propertySourceProperties = '{org.springframework.boot.test.context.SpringBootTestContextBootstrapper=true}', contextCustomizers = set[org.springframework.boot.test.autoconfigure.actuate.metrics.MetricsExportContextCustomizerFactory$DisableMetricExportContextCustomizer@625487a6, org.springframework.boot.test.autoconfigure.properties.PropertyMappingContextCustomizer@0, org.springframework.boot.test.autoconfigure.web.servlet.WebDriverContextCustomizerFactory$Customizer@22f8adc2, org.springframework.boot.test.context.filter.ExcludeFilterContextCustomizer@26fadd98, org.springframework.boot.test.json.DuplicateJsonObjectContextCustomizerFactory$DuplicateJsonObjectContextCustomizer@5e2a6991, org.springframework.boot.test.mock.mockito.MockitoContextCustomizer@0, org.springframework.boot.test.web.client.TestRestTemplateContextCustomizer@661e1399, org.springframework.boot.test.context.SpringBootTestArgs@1, org.springframework.boot.test.context.SpringBootTestWebEnvironment@36f1046f], resourceBasePath = 'src/main/webapp', contextLoader = 'org.springframework.boot.test.context.SpringBootContextLoader', parent = [null]], attributes = map['org.springframework.test.context.web.ServletTestExecutionListener.activateListener' -> true]], class annotated with @DirtiesContext [false] with mode [null].

  .   ____          _            __ _ _
 /\\ / ___'_ __ _ _(_)_ __  __ _ \ \ \ \
( ( )\___ | '_ | '_| | '_ \/ _` | \ \ \ \
 \\/  ___)| |_)| | | | | || (_| |  ) ) ) )
  '  |____| .__|_| |_|_| |_\__, | / / / /
 =========|_|==============|___/=/_/_/_/
 :: Spring Boot ::                (v2.6.8)

2022-06-17 13:13:11.411  INFO 20129 --- [    Test worker] com.mnkap.mnkap.MnkapApplicationTests    : Starting MnkapApplicationTests using Java 11.0.15 on ubuntu2 with PID 20129 (started by root in /home/ubuntu2/calc/calculator)
2022-06-17 13:13:11.425  INFO 20129 --- [    Test worker] com.mnkap.mnkap.MnkapApplicationTests    : No active profile set, falling back to 1 default profile: "default"
2022-06-17 13:13:17.924  INFO 20129 --- [    Test worker] com.mnkap.mnkap.MnkapApplicationTests    : Started MnkapApplicationTests in 7.604 seconds (JVM running for 12.375)
]]></system-out>
  <system-err><![CDATA[]]></system-err>
</testsuite>
